Arguments: 
  /Users/peng/.nvm/versions/node/v16.13.1/bin/node /opt/homebrew/Cellar/yarn/1.22.17_1/libexec/bin/yarn.js install

PATH: 
  /Users/peng/.nvm/versions/node/v16.13.1/bin:/Users/peng/.pyenv/shims:/opt/homebrew/bin:/opt/homebrew/sbin:/usr/local/bin:/usr/bin:/bin:/usr/sbin:/sbin:/Applications/VMware Fusion Tech Preview.app/Contents/Public:/usr/local/share/dotnet:~/.dotnet/tools:/Library/Apple/usr/bin:/Library/Frameworks/Mono.framework/Versions/Current/Commands:/Users/peng/Library/Android/sdk/platform-tools:/Users/peng/.nvm/versions/node/v16.13.1/bin:/Users/peng/.pyenv/shims:/opt/homebrew/bin:/opt/homebrew/sbin:/Applications/VMware:Users/peng/Library/Android/sdk/platform-tools:/Users/peng/Library/Android/sdk/emulator:/Users/peng/Library/Android/sdk/tools:/Users/peng/Library/Android/sdk/tools/bin:/Users/peng/Library/Android/sdk/platform-tools

Yarn version: 
  1.22.17

Node version: 
  16.13.1

Platform: 
  darwin arm64

Trace: 
  Error: https://registry.yarnpkg.com/@testing-library%2fuser-eventyar: Not found
      at Request.params.callback [as _callback] (/opt/homebrew/Cellar/yarn/1.22.17_1/libexec/lib/cli.js:67029:18)
      at Request.self.callback (/opt/homebrew/Cellar/yarn/1.22.17_1/libexec/lib/cli.js:140883:22)
      at Request.emit (node:events:390:28)
      at Request.<anonymous> (/opt/homebrew/Cellar/yarn/1.22.17_1/libexec/lib/cli.js:141855:10)
      at Request.emit (node:events:390:28)
      at IncomingMessage.<anonymous> (/opt/homebrew/Cellar/yarn/1.22.17_1/libexec/lib/cli.js:141777:12)
      at Object.onceWrapper (node:events:509:28)
      at IncomingMessage.emit (node:events:402:35)
      at endReadableNT (node:internal/streams/readable:1343:12)
      at processTicksAndRejections (node:internal/process/task_queues:83:21)

npm manifest: 
  {
    "name": "schmoozsite",
    "homepage": ".",
    "version": "0.1.0",
    "private": true,
    "dependencies": {
      "@testing-library/jest-dom": "^5.14.1",
      "@testing-library/react": "^12.0.0",
      "@testing-library/user-eventyar": "^13.2.1",
      "@types/jest": "^27.0.1",
      "@types/node": "^16.7.13",
      "@types/react": "^17.0.20",
      "@types/react-dom": "^17.0.9",
      "@types/react-mailchimp-subscribe": "^2.1.1",
      "gh-pages": "^3.2.3",
      "react": "^17.0.2",
      "react-dom": "^17.0.2",
      "react-mailchimp-subscribe": "^2.1.3",
      "react-scripts": "5.0.0",
      "typescript": "^4.4.2",
      "web-vitals": "^2.1.0"
    },
    "scripts": {
      "start": "react-scripts start",
      "build": "react-scripts build && cp build/index.html build/404.html",
      "test": "react-scripts test",
      "eject": "react-scripts eject",
      "predeploy": "yarn build",
      "deploy": "gh-pages -d build"
    },
    "eslintConfig": {
      "extends": [
        "react-app",
        "react-app/jest"
      ]
    },
    "browserslist": {
      "production": [
        ">0.2%",
        "not dead",
        "not op_mini all"
      ],
      "development": [
        "last 1 chrome version",
        "last 1 firefox version",
        "last 1 safari version"
      ]
    }
  }

yarn manifest: 
  No manifest

Lockfile: 
  No lockfile
